<?xml version="1.0" encoding="UTF-8"?>
<testsuite name="com.myspring.book.springboot.web.PostsApiControllerTest" tests="2" skipped="0" failures="0" errors="0" timestamp="2020-03-30T15:40:51" hostname="Udon-PC" time="0.208">
  <properties/>
  <testcase name="Posts_등록된다" classname="com.myspring.book.springboot.web.PostsApiControllerTest" time="0.172"/>
  <testcase name="Posts_수정된다" classname="com.myspring.book.springboot.web.PostsApiControllerTest" time="0.036"/>
  <system-out><![CDATA[2020-03-31 00:40:51.545  INFO 5876 --- [    Test worker] .b.t.c.SpringBootTestContextBootstrapper : Neither @ContextConfiguration nor @ContextHierarchy found for test class [com.myspring.book.springboot.web.PostsApiControllerTest], using SpringBootContextLoader
2020-03-31 00:40:51.545  INFO 5876 --- [    Test worker] o.s.t.c.support.AbstractContextLoader    : Could not detect default resource locations for test class [com.myspring.book.springboot.web.PostsApiControllerTest]: no resource found for suffixes {-context.xml, Context.groovy}.
2020-03-31 00:40:51.545  INFO 5876 --- [    Test worker] t.c.s.AnnotationConfigContextLoaderUtils : Could not detect default configuration classes for test class [com.myspring.book.springboot.web.PostsApiControllerTest]: PostsApiControllerTest does not declare any static, non-private, non-final, nested classes annotated with @Configuration.
2020-03-31 00:40:51.545  INFO 5876 --- [    Test worker] .b.t.c.SpringBootTestContextBootstrapper : Found @SpringBootConfiguration com.myspring.book.springboot.Application for test class com.myspring.book.springboot.web.PostsApiControllerTest
2020-03-31 00:40:51.561  INFO 5876 --- [    Test worker] .b.t.c.SpringBootTestContextBootstrapper : Loaded default TestExecutionListener class names from location [META-INF/spring.factories]: [org.springframework.boot.test.autoconfigure.restdocs.RestDocsTestExecutionListener, org.springframework.boot.test.autoconfigure.web.client.MockRestServiceServerResetTestExecutionListener, org.springframework.boot.test.autoconfigure.web.servlet.MockMvcPrintOnlyOnFailureTestExecutionListener, org.springframework.boot.test.autoconfigure.web.servlet.WebDriverTestExecutionListener, org.springframework.boot.test.mock.mockito.MockitoTestExecutionListener, org.springframework.boot.test.mock.mockito.ResetMocksTestExecutionListener, org.springframework.test.context.web.ServletTestExecutionListener, org.springframework.test.context.support.DirtiesContextBeforeModesTestExecutionListener, org.springframework.test.context.support.DependencyInjectionTestExecutionListener, org.springframework.test.context.support.DirtiesContextTestExecutionListener, org.springframework.test.context.transaction.TransactionalTestExecutionListener, org.springframework.test.context.jdbc.SqlScriptsTestExecutionListener]
2020-03-31 00:40:51.561  INFO 5876 --- [    Test worker] .b.t.c.SpringBootTestContextBootstrapper : Using TestExecutionListeners: [org.springframework.test.context.web.ServletTestExecutionListener@5e012a48, org.springframework.test.context.support.DirtiesContextBeforeModesTestExecutionListener@20a220cb, org.springframework.boot.test.mock.mockito.MockitoTestExecutionListener@6d56e9e7, org.springframework.boot.test.autoconfigure.SpringBootDependencyInjectionTestExecutionListener@774fe314, org.springframework.test.context.support.DirtiesContextTestExecutionListener@20cbd4df, org.springframework.test.context.transaction.TransactionalTestExecutionListener@115e1c75, org.springframework.test.context.jdbc.SqlScriptsTestExecutionListener@4b9dc668, org.springframework.boot.test.autoconfigure.restdocs.RestDocsTestExecutionListener@43c2db4c, org.springframework.boot.test.autoconfigure.web.client.MockRestServiceServerResetTestExecutionListener@3d5192c7, org.springframework.boot.test.autoconfigure.web.servlet.MockMvcPrintOnlyOnFailureTestExecutionListener@5c8d8cac, org.springframework.boot.test.autoconfigure.web.servlet.WebDriverTestExecutionListener@7986bfd3, org.springframework.boot.test.mock.mockito.ResetMocksTestExecutionListener@2ccb1314]
Hibernate: insert into posts (created_date, modified_date, author, content, title) values (?, ?, ?, ?, ?)
Hibernate: select posts0_.id as id1_0_, posts0_.created_date as created_2_0_, posts0_.modified_date as modified3_0_, posts0_.author as author4_0_, posts0_.content as content5_0_, posts0_.title as title6_0_ from posts posts0_
Hibernate: select posts0_.id as id1_0_, posts0_.created_date as created_2_0_, posts0_.modified_date as modified3_0_, posts0_.author as author4_0_, posts0_.content as content5_0_, posts0_.title as title6_0_ from posts posts0_
Hibernate: delete from posts where id=?
Hibernate: insert into posts (created_date, modified_date, author, content, title) values (?, ?, ?, ?, ?)
Hibernate: select posts0_.id as id1_0_0_, posts0_.created_date as created_2_0_0_, posts0_.modified_date as modified3_0_0_, posts0_.author as author4_0_0_, posts0_.content as content5_0_0_, posts0_.title as title6_0_0_ from posts posts0_ where posts0_.id=?
Hibernate: update posts set created_date=?, modified_date=?, author=?, content=?, title=? where id=?
Hibernate: select posts0_.id as id1_0_, posts0_.created_date as created_2_0_, posts0_.modified_date as modified3_0_, posts0_.author as author4_0_, posts0_.content as content5_0_, posts0_.title as title6_0_ from posts posts0_
Hibernate: select posts0_.id as id1_0_, posts0_.created_date as created_2_0_, posts0_.modified_date as modified3_0_, posts0_.author as author4_0_, posts0_.content as content5_0_, posts0_.title as title6_0_ from posts posts0_
Hibernate: delete from posts where id=?
]]></system-out>
  <system-err><![CDATA[]]></system-err>
</testsuite>
