<?xml version="1.0" encoding="UTF-8"?>
<testsuite name="com.myspring.book.springboot.domain.posts.PostsRepositoryTest" tests="2" skipped="0" failures="0" errors="0" timestamp="2020-04-15T08:18:52" hostname="Udon-PC" time="5.566">
  <properties/>
  <testcase name="게시글저장_불러오기" classname="com.myspring.book.springboot.domain.posts.PostsRepositoryTest" time="5.552"/>
  <testcase name="BaseTimeEntity_등록" classname="com.myspring.book.springboot.domain.posts.PostsRepositoryTest" time="0.014"/>
  <system-out><![CDATA[17:18:35.289 [Test worker] DEBUG org.springframework.test.context.junit4.SpringJUnit4ClassRunner - SpringJUnit4ClassRunner constructor called with [class com.myspring.book.springboot.domain.posts.PostsRepositoryTest]
17:18:35.307 [Test worker] DEBUG org.springframework.test.context.BootstrapUtils - Instantiating CacheAwareContextLoaderDelegate from class [org.springframework.test.context.cache.DefaultCacheAwareContextLoaderDelegate]
17:18:35.352 [Test worker] DEBUG org.springframework.test.context.BootstrapUtils - Instantiating BootstrapContext using constructor [public org.springframework.test.context.support.DefaultBootstrapContext(java.lang.Class,org.springframework.test.context.CacheAwareContextLoaderDelegate)]
17:18:35.414 [Test worker] DEBUG org.springframework.test.context.BootstrapUtils - Instantiating TestContextBootstrapper for test class [com.myspring.book.springboot.domain.posts.PostsRepositoryTest] from class [org.springframework.boot.test.context.SpringBootTestContextBootstrapper]
17:18:35.726 [Test worker] INFO org.springframework.boot.test.context.SpringBootTestContextBootstrapper - Neither @ContextConfiguration nor @ContextHierarchy found for test class [com.myspring.book.springboot.domain.posts.PostsRepositoryTest], using SpringBootContextLoader
17:18:35.814 [Test worker] DEBUG org.springframework.test.context.support.AbstractContextLoader - Did not detect default resource location for test class [com.myspring.book.springboot.domain.posts.PostsRepositoryTest]: class path resource [com/myspring/book/springboot/domain/posts/PostsRepositoryTest-context.xml] does not exist
17:18:35.814 [Test worker] DEBUG org.springframework.test.context.support.AbstractContextLoader - Did not detect default resource location for test class [com.myspring.book.springboot.domain.posts.PostsRepositoryTest]: class path resource [com/myspring/book/springboot/domain/posts/PostsRepositoryTestContext.groovy] does not exist
17:18:35.815 [Test worker] INFO org.springframework.test.context.support.AbstractContextLoader - Could not detect default resource locations for test class [com.myspring.book.springboot.domain.posts.PostsRepositoryTest]: no resource found for suffixes {-context.xml, Context.groovy}.
17:18:35.815 [Test worker] INFO org.springframework.test.context.support.AnnotationConfigContextLoaderUtils - Could not detect default configuration classes for test class [com.myspring.book.springboot.domain.posts.PostsRepositoryTest]: PostsRepositoryTest does not declare any static, non-private, non-final, nested classes annotated with @Configuration.
17:18:38.333 [Test worker] DEBUG org.springframework.test.context.support.ActiveProfilesUtils - Could not find an 'annotation declaring class' for annotation type [org.springframework.test.context.ActiveProfiles] and class [com.myspring.book.springboot.domain.posts.PostsRepositoryTest]
17:18:39.156 [Test worker] DEBUG org.springframework.context.annotation.ClassPathScanningCandidateComponentProvider - Identified candidate component class: file [C:\Users\Udon\IdeaProjects\springboot-webservice\build\classes\java\main\com\myspring\book\springboot\Application.class]
17:18:39.157 [Test worker] INFO org.springframework.boot.test.context.SpringBootTestContextBootstrapper - Found @SpringBootConfiguration com.myspring.book.springboot.Application for test class com.myspring.book.springboot.domain.posts.PostsRepositoryTest
17:18:39.437 [Test worker] DEBUG org.springframework.boot.test.context.SpringBootTestContextBootstrapper - @TestExecutionListeners is not present for class [com.myspring.book.springboot.domain.posts.PostsRepositoryTest]: using defaults.
17:18:39.438 [Test worker] INFO org.springframework.boot.test.context.SpringBootTestContextBootstrapper - Loaded default TestExecutionListener class names from location [META-INF/spring.factories]: [org.springframework.security.test.context.support.WithSecurityContextTestExecutionListener, org.springframework.security.test.context.support.ReactorContextTestExecutionListener, org.springframework.boot.test.autoconfigure.restdocs.RestDocsTestExecutionListener, org.springframework.boot.test.autoconfigure.web.client.MockRestServiceServerResetTestExecutionListener, org.springframework.boot.test.autoconfigure.web.servlet.MockMvcPrintOnlyOnFailureTestExecutionListener, org.springframework.boot.test.autoconfigure.web.servlet.WebDriverTestExecutionListener, org.springframework.boot.test.mock.mockito.MockitoTestExecutionListener, org.springframework.boot.test.mock.mockito.ResetMocksTestExecutionListener, org.springframework.test.context.web.ServletTestExecutionListener, org.springframework.test.context.support.DirtiesContextBeforeModesTestExecutionListener, org.springframework.test.context.support.DependencyInjectionTestExecutionListener, org.springframework.test.context.support.DirtiesContextTestExecutionListener, org.springframework.test.context.transaction.TransactionalTestExecutionListener, org.springframework.test.context.jdbc.SqlScriptsTestExecutionListener]
17:18:39.781 [Test worker] INFO org.springframework.boot.test.context.SpringBootTestContextBootstrapper - Using TestExecutionListeners: [org.springframework.test.context.web.ServletTestExecutionListener@2cd90148, org.springframework.test.context.support.DirtiesContextBeforeModesTestExecutionListener@56cf3ea6, org.springframework.boot.test.mock.mockito.MockitoTestExecutionListener@f85a21e, org.springframework.boot.test.autoconfigure.SpringBootDependencyInjectionTestExecutionListener@12179d9c, org.springframework.test.context.support.DirtiesContextTestExecutionListener@76200dd7, org.springframework.test.context.transaction.TransactionalTestExecutionListener@59b527bb, org.springframework.test.context.jdbc.SqlScriptsTestExecutionListener@7b02ebc1, org.springframework.security.test.context.support.WithSecurityContextTestExecutionListener@55576240, org.springframework.security.test.context.support.ReactorContextTestExecutionListener@23ef8388, org.springframework.boot.test.autoconfigure.restdocs.RestDocsTestExecutionListener@5397f0b1, org.springframework.boot.test.autoconfigure.web.client.MockRestServiceServerResetTestExecutionListener@3fa755e1, org.springframework.boot.test.autoconfigure.web.servlet.MockMvcPrintOnlyOnFailureTestExecutionListener@518c6537, org.springframework.boot.test.autoconfigure.web.servlet.WebDriverTestExecutionListener@e204f4d, org.springframework.boot.test.mock.mockito.ResetMocksTestExecutionListener@625e3440]
17:18:39.785 [Test worker] DEBUG org.springframework.test.annotation.ProfileValueUtils - Retrieved @ProfileValueSourceConfiguration [null] for test class [com.myspring.book.springboot.domain.posts.PostsRepositoryTest]
17:18:39.785 [Test worker] DEBUG org.springframework.test.annotation.ProfileValueUtils - Retrieved ProfileValueSource type [class org.springframework.test.annotation.SystemProfileValueSource] for class [com.myspring.book.springboot.domain.posts.PostsRepositoryTest]
17:18:39.854 [Test worker] DEBUG org.springframework.test.annotation.ProfileValueUtils - Retrieved @ProfileValueSourceConfiguration [null] for test class [com.myspring.book.springboot.domain.posts.PostsRepositoryTest]
17:18:39.854 [Test worker] DEBUG org.springframework.test.annotation.ProfileValueUtils - Retrieved ProfileValueSource type [class org.springframework.test.annotation.SystemProfileValueSource] for class [com.myspring.book.springboot.domain.posts.PostsRepositoryTest]
17:18:39.871 [Test worker] DEBUG org.springframework.test.context.support.AbstractDirtiesContextTestExecutionListener - Before test class: context [DefaultTestContext@48e7aa3c testClass = PostsRepositoryTest, testInstance = [null], testMethod = [null], testException = [null], mergedContextConfiguration = [WebMergedContextConfiguration@6d4b9922 testClass = PostsRepositoryTest, locations = '{}', classes = '{class com.myspring.book.springboot.Application}', contextInitializerClasses = '[]', activeProfiles = '{}', propertySourceLocations = '{}', propertySourceProperties = '{org.springframework.boot.test.context.SpringBootTestContextBootstrapper=true}', contextCustomizers = set[org.springframework.boot.test.autoconfigure.properties.PropertyMappingContextCustomizer@0, org.springframework.boot.test.autoconfigure.web.servlet.WebDriverContextCustomizerFactory$Customizer@1bca9577, org.springframework.boot.test.context.filter.ExcludeFilterContextCustomizer@12e245f9, org.springframework.boot.test.json.DuplicateJsonObjectContextCustomizerFactory$DuplicateJsonObjectContextCustomizer@390d4c8b, org.springframework.boot.test.mock.mockito.MockitoContextCustomizer@0, org.springframework.boot.test.web.client.TestRestTemplateContextCustomizer@3f2292d4], resourceBasePath = 'src/main/webapp', contextLoader = 'org.springframework.boot.test.context.SpringBootContextLoader', parent = [null]], attributes = map['org.springframework.test.context.web.ServletTestExecutionListener.activateListener' -> true]], class annotated with @DirtiesContext [false] with mode [null].
17:18:39.872 [Test worker] DEBUG org.springframework.test.annotation.ProfileValueUtils - Retrieved @ProfileValueSourceConfiguration [null] for test class [com.myspring.book.springboot.domain.posts.PostsRepositoryTest]
17:18:39.872 [Test worker] DEBUG org.springframework.test.annotation.ProfileValueUtils - Retrieved ProfileValueSource type [class org.springframework.test.annotation.SystemProfileValueSource] for class [com.myspring.book.springboot.domain.posts.PostsRepositoryTest]
17:18:39.982 [Test worker] DEBUG org.springframework.test.context.support.TestPropertySourceUtils - Adding inlined properties to environment: {spring.jmx.enabled=false, org.springframework.boot.test.context.SpringBootTestContextBootstrapper=true, server.port=-1}

  .   ____          _            __ _ _
 /\\ / ___'_ __ _ _(_)_ __  __ _ \ \ \ \
( ( )\___ | '_ | '_| | '_ \/ _` | \ \ \ \
 \\/  ___)| |_)| | | | | || (_| |  ) ) ) )
  '  |____| .__|_| |_|_| |_\__, | / / / /
 =========|_|==============|___/=/_/_/_/
 :: Spring Boot ::        (v2.1.7.RELEASE)

2020-04-15 17:18:40.530  INFO 8772 --- [    Test worker] c.m.b.s.d.posts.PostsRepositoryTest      : Starting PostsRepositoryTest on Udon-PC with PID 8772 (started by Udon in C:\Users\Udon\IdeaProjects\springboot-webservice)
2020-04-15 17:18:40.531  INFO 8772 --- [    Test worker] c.m.b.s.d.posts.PostsRepositoryTest      : No active profile set, falling back to default profiles: default
2020-04-15 17:18:46.389  INFO 8772 --- [    Test worker] .s.d.r.c.RepositoryConfigurationDelegate : Bootstrapping Spring Data repositories in DEFAULT mode.
2020-04-15 17:18:46.587  INFO 8772 --- [    Test worker] .s.d.r.c.RepositoryConfigurationDelegate : Finished Spring Data repository scanning in 151ms. Found 2 repository interfaces.
2020-04-15 17:18:47.433  INFO 8772 --- [    Test worker] trationDelegate$BeanPostProcessorChecker : Bean 'org.springframework.transaction.annotation.ProxyTransactionManagementConfiguration' of type [org.springframework.transaction.annotation.ProxyTransactionManagementConfiguration$$EnhancerBySpringCGLIB$$70bd579b] is not eligible for getting processed by all BeanPostProcessors (for example: not eligible for auto-proxying)
2020-04-15 17:18:47.799  INFO 8772 --- [    Test worker] com.zaxxer.hikari.HikariDataSource       : HikariPool-1 - Starting...
2020-04-15 17:18:48.003  INFO 8772 --- [    Test worker] com.zaxxer.hikari.HikariDataSource       : HikariPool-1 - Start completed.
2020-04-15 17:18:48.108  INFO 8772 --- [    Test worker] o.hibernate.jpa.internal.util.LogHelper  : HHH000204: Processing PersistenceUnitInfo [
	name: default
	...]
2020-04-15 17:18:48.207  INFO 8772 --- [    Test worker] org.hibernate.Version                    : HHH000412: Hibernate Core {5.3.10.Final}
2020-04-15 17:18:48.209  INFO 8772 --- [    Test worker] org.hibernate.cfg.Environment            : HHH000206: hibernate.properties not found
2020-04-15 17:18:48.487  INFO 8772 --- [    Test worker] o.hibernate.annotations.common.Version   : HCANN000001: Hibernate Commons Annotations {5.0.4.Final}
2020-04-15 17:18:48.688  INFO 8772 --- [    Test worker] org.hibernate.dialect.Dialect            : HHH000400: Using dialect: org.hibernate.dialect.MySQL5InnoDBDialect
Hibernate: drop table if exists posts
Hibernate: drop table if exists user
Hibernate: create table posts (id bigint not null auto_increment, created_date datetime, modified_date datetime, author varchar(255), content TEXT not null, title varchar(500) not null, primary key (id)) engine=InnoDB
Hibernate: create table user (id bigint not null auto_increment, created_date datetime, modified_date datetime, email varchar(255) not null, name varchar(255) not null, picture varchar(255), role varchar(255) not null, primary key (id)) engine=InnoDB
2020-04-15 17:18:49.539  INFO 8772 --- [    Test worker] o.h.t.schema.internal.SchemaCreatorImpl  : HHH000476: Executing import script 'org.hibernate.tool.schema.internal.exec.ScriptSourceInputNonExistentImpl@7f75814f'
2020-04-15 17:18:49.543  INFO 8772 --- [    Test worker] j.LocalContainerEntityManagerFactoryBean : Initialized JPA EntityManagerFactory for persistence unit 'default'
2020-04-15 17:18:50.243  INFO 8772 --- [    Test worker] o.h.h.i.QueryTranslatorFactoryInitiator  : HHH000397: Using ASTQueryTranslatorFactory
2020-04-15 17:18:51.042  INFO 8772 --- [    Test worker] o.s.s.web.DefaultSecurityFilterChain     : Creating filter chain: any request, [org.springframework.security.web.context.request.async.WebAsyncManagerIntegrationFilter@30a22ba4, org.springframework.security.web.context.SecurityContextPersistenceFilter@5df21675, org.springframework.security.web.header.HeaderWriterFilter@7f4d8ee8, org.springframework.security.web.authentication.logout.LogoutFilter@6249b376, org.springframework.security.oauth2.client.web.OAuth2AuthorizationRequestRedirectFilter@612cb5d5, org.springframework.security.oauth2.client.web.OAuth2LoginAuthenticationFilter@1ee67605, org.springframework.security.web.authentication.ui.DefaultLoginPageGeneratingFilter@3fd43f70, org.springframework.security.web.authentication.ui.DefaultLogoutPageGeneratingFilter@39c9f28d, org.springframework.security.web.savedrequest.RequestCacheAwareFilter@200d9fa2, org.springframework.security.web.servletapi.SecurityContextHolderAwareRequestFilter@16911525, org.springframework.security.web.authentication.AnonymousAuthenticationFilter@4085cf9, org.springframework.security.web.session.SessionManagementFilter@dc8f994, org.springframework.security.web.access.ExceptionTranslationFilter@273a8871, org.springframework.security.web.access.intercept.FilterSecurityInterceptor@d46916d]
2020-04-15 17:18:51.709  INFO 8772 --- [    Test worker] o.s.s.concurrent.ThreadPoolTaskExecutor  : Initializing ExecutorService 'applicationTaskExecutor'
2020-04-15 17:18:51.825  WARN 8772 --- [    Test worker] aWebConfiguration$JpaWebMvcConfiguration : spring.jpa.open-in-view is enabled by default. Therefore, database queries may be performed during view rendering. Explicitly configure spring.jpa.open-in-view to disable this warning
2020-04-15 17:18:51.888  INFO 8772 --- [    Test worker] o.s.b.a.w.s.WelcomePageHandlerMapping    : Adding welcome page template: index
2020-04-15 17:18:52.628  INFO 8772 --- [    Test worker] s.a.ScheduledAnnotationBeanPostProcessor : No TaskScheduler/ScheduledExecutorService bean found for scheduled processing
2020-04-15 17:18:52.652  INFO 8772 --- [    Test worker] c.m.b.s.d.posts.PostsRepositoryTest      : Started PostsRepositoryTest in 12.649 seconds (JVM running for 30.264)
Hibernate: insert into posts (created_date, modified_date, author, content, title) values (?, ?, ?, ?, ?)
Hibernate: select posts0_.id as id1_0_, posts0_.created_date as created_2_0_, posts0_.modified_date as modified3_0_, posts0_.author as author4_0_, posts0_.content as content5_0_, posts0_.title as title6_0_ from posts posts0_
Hibernate: select posts0_.id as id1_0_, posts0_.created_date as created_2_0_, posts0_.modified_date as modified3_0_, posts0_.author as author4_0_, posts0_.content as content5_0_, posts0_.title as title6_0_ from posts posts0_
Hibernate: delete from posts where id=?
Hibernate: insert into posts (created_date, modified_date, author, content, title) values (?, ?, ?, ?, ?)
Hibernate: select posts0_.id as id1_0_, posts0_.created_date as created_2_0_, posts0_.modified_date as modified3_0_, posts0_.author as author4_0_, posts0_.content as content5_0_, posts0_.title as title6_0_ from posts posts0_
>>>>>>>>>> createDate=2020-04-15T17:18:58.467, modifiedDate=2020-04-15T17:18:58.467
2==============title
Hibernate: select posts0_.id as id1_0_, posts0_.created_date as created_2_0_, posts0_.modified_date as modified3_0_, posts0_.author as author4_0_, posts0_.content as content5_0_, posts0_.title as title6_0_ from posts posts0_
Hibernate: delete from posts where id=?
]]></system-out>
  <system-err><![CDATA[]]></system-err>
</testsuite>
