<?xml version="1.0" encoding="UTF-8"?>
<testsuite name="com.myspring.book.springboot.web.HelloControllerTest" tests="2" skipped="0" failures="0" errors="0" timestamp="2020-04-15T08:19:03" hostname="Udon-PC" time="0.65">
  <properties/>
  <testcase name="hello가_리턴된다" classname="com.myspring.book.springboot.web.HelloControllerTest" time="0.536"/>
  <testcase name="helloDto가_리턴된다" classname="com.myspring.book.springboot.web.HelloControllerTest" time="0.114"/>
  <system-out><![CDATA[2020-04-15 17:18:59.076  INFO 8772 --- [    Test worker] .b.t.a.w.s.WebMvcTestContextBootstrapper : Neither @ContextConfiguration nor @ContextHierarchy found for test class [com.myspring.book.springboot.web.HelloControllerTest], using SpringBootContextLoader
2020-04-15 17:18:59.076  INFO 8772 --- [    Test worker] o.s.t.c.support.AbstractContextLoader    : Could not detect default resource locations for test class [com.myspring.book.springboot.web.HelloControllerTest]: no resource found for suffixes {-context.xml, Context.groovy}.
2020-04-15 17:18:59.077  INFO 8772 --- [    Test worker] t.c.s.AnnotationConfigContextLoaderUtils : Could not detect default configuration classes for test class [com.myspring.book.springboot.web.HelloControllerTest]: HelloControllerTest does not declare any static, non-private, non-final, nested classes annotated with @Configuration.
2020-04-15 17:18:59.283  INFO 8772 --- [    Test worker] .b.t.c.SpringBootTestContextBootstrapper : Found @SpringBootConfiguration com.myspring.book.springboot.Application for test class com.myspring.book.springboot.web.HelloControllerTest
2020-04-15 17:18:59.285  INFO 8772 --- [    Test worker] .b.t.a.w.s.WebMvcTestContextBootstrapper : Loaded default TestExecutionListener class names from location [META-INF/spring.factories]: [org.springframework.security.test.context.support.WithSecurityContextTestExecutionListener, org.springframework.security.test.context.support.ReactorContextTestExecutionListener, org.springframework.boot.test.autoconfigure.restdocs.RestDocsTestExecutionListener, org.springframework.boot.test.autoconfigure.web.client.MockRestServiceServerResetTestExecutionListener, org.springframework.boot.test.autoconfigure.web.servlet.MockMvcPrintOnlyOnFailureTestExecutionListener, org.springframework.boot.test.autoconfigure.web.servlet.WebDriverTestExecutionListener, org.springframework.boot.test.mock.mockito.MockitoTestExecutionListener, org.springframework.boot.test.mock.mockito.ResetMocksTestExecutionListener, org.springframework.test.context.web.ServletTestExecutionListener, org.springframework.test.context.support.DirtiesContextBeforeModesTestExecutionListener, org.springframework.test.context.support.DependencyInjectionTestExecutionListener, org.springframework.test.context.support.DirtiesContextTestExecutionListener, org.springframework.test.context.transaction.TransactionalTestExecutionListener, org.springframework.test.context.jdbc.SqlScriptsTestExecutionListener]
2020-04-15 17:18:59.286  INFO 8772 --- [    Test worker] .b.t.a.w.s.WebMvcTestContextBootstrapper : Using TestExecutionListeners: [org.springframework.test.context.web.ServletTestExecutionListener@717101e3, org.springframework.test.context.support.DirtiesContextBeforeModesTestExecutionListener@bc5e791, org.springframework.boot.test.mock.mockito.MockitoTestExecutionListener@345fead4, org.springframework.boot.test.autoconfigure.SpringBootDependencyInjectionTestExecutionListener@2b76928c, org.springframework.test.context.support.DirtiesContextTestExecutionListener@52f1f018, org.springframework.test.context.transaction.TransactionalTestExecutionListener@76ac7cb8, org.springframework.test.context.jdbc.SqlScriptsTestExecutionListener@3dee31f3, org.springframework.security.test.context.support.WithSecurityContextTestExecutionListener@22932630, org.springframework.security.test.context.support.ReactorContextTestExecutionListener@7fbf734a, org.springframework.boot.test.autoconfigure.restdocs.RestDocsTestExecutionListener@6ae399b9, org.springframework.boot.test.autoconfigure.web.client.MockRestServiceServerResetTestExecutionListener@26ce4cbf, org.springframework.boot.test.autoconfigure.web.servlet.MockMvcPrintOnlyOnFailureTestExecutionListener@1d575cf0, org.springframework.boot.test.autoconfigure.web.servlet.WebDriverTestExecutionListener@19764933, org.springframework.boot.test.mock.mockito.ResetMocksTestExecutionListener@6fae25f5]

  .   ____          _            __ _ _
 /\\ / ___'_ __ _ _(_)_ __  __ _ \ \ \ \
( ( )\___ | '_ | '_| | '_ \/ _` | \ \ \ \
 \\/  ___)| |_)| | | | | || (_| |  ) ) ) )
  '  |____| .__|_| |_|_| |_\__, | / / / /
 =========|_|==============|___/=/_/_/_/
 :: Spring Boot ::        (v2.1.7.RELEASE)

2020-04-15 17:18:59.332  INFO 8772 --- [    Test worker] c.m.b.s.web.HelloControllerTest          : Starting HelloControllerTest on Udon-PC with PID 8772 (started by Udon in C:\Users\Udon\IdeaProjects\springboot-webservice)
2020-04-15 17:18:59.341  INFO 8772 --- [    Test worker] c.m.b.s.web.HelloControllerTest          : No active profile set, falling back to default profiles: default
2020-04-15 17:19:01.243  INFO 8772 --- [    Test worker] o.s.s.concurrent.ThreadPoolTaskExecutor  : Initializing ExecutorService 'applicationTaskExecutor'
2020-04-15 17:19:01.284  INFO 8772 --- [    Test worker] o.s.b.a.w.s.WelcomePageHandlerMapping    : Adding welcome page template: index
2020-04-15 17:19:01.643  INFO 8772 --- [    Test worker] .s.s.UserDetailsServiceAutoConfiguration : 

Using generated security password: 42efc6f1-abbb-47ff-8fce-68b1d1917940

2020-04-15 17:19:02.421  INFO 8772 --- [    Test worker] o.s.s.web.DefaultSecurityFilterChain     : Creating filter chain: any request, [org.springframework.security.web.context.request.async.WebAsyncManagerIntegrationFilter@7293ea44, org.springframework.security.web.context.SecurityContextPersistenceFilter@709dfb1c, org.springframework.security.web.header.HeaderWriterFilter@175fea5a, org.springframework.security.web.csrf.CsrfFilter@73b8d122, org.springframework.security.web.authentication.logout.LogoutFilter@1b1818c3, org.springframework.security.web.authentication.UsernamePasswordAuthenticationFilter@6cfada9a, org.springframework.security.web.authentication.ui.DefaultLoginPageGeneratingFilter@458af469, org.springframework.security.web.authentication.ui.DefaultLogoutPageGeneratingFilter@2e9e30bf, org.springframework.security.web.authentication.www.BasicAuthenticationFilter@216cd2d3, org.springframework.security.web.savedrequest.RequestCacheAwareFilter@578ccfcf, org.springframework.security.web.servletapi.SecurityContextHolderAwareRequestFilter@3fe9e25e, org.springframework.security.web.authentication.AnonymousAuthenticationFilter@69a385f5, org.springframework.security.web.session.SessionManagementFilter@22db0852, org.springframework.security.web.access.ExceptionTranslationFilter@d4ec4c, org.springframework.security.web.access.intercept.FilterSecurityInterceptor@79bf33ee]
2020-04-15 17:19:02.983  INFO 8772 --- [    Test worker] o.s.b.t.m.w.SpringBootMockServletContext : Initializing Spring TestDispatcherServlet ''
2020-04-15 17:19:02.983  INFO 8772 --- [    Test worker] o.s.t.web.servlet.TestDispatcherServlet  : Initializing Servlet ''
2020-04-15 17:19:03.032  INFO 8772 --- [    Test worker] o.s.t.web.servlet.TestDispatcherServlet  : Completed initialization in 49 ms
2020-04-15 17:19:03.067  INFO 8772 --- [    Test worker] c.m.b.s.web.HelloControllerTest          : Started HelloControllerTest in 3.779 seconds (JVM running for 40.68)
]]></system-out>
  <system-err><![CDATA[]]></system-err>
</testsuite>
