<?xml version="1.0" encoding="UTF-8"?>
<testsuite name="com.myspring.book.springboot.web.HelloControllerTest" tests="2" skipped="0" failures="0" errors="0" timestamp="2020-04-03T16:29:46" hostname="Udon-PC" time="0.311">
  <properties/>
  <testcase name="hello가_리턴된다" classname="com.myspring.book.springboot.web.HelloControllerTest" time="0.231"/>
  <testcase name="helloDto가_리턴된다" classname="com.myspring.book.springboot.web.HelloControllerTest" time="0.078"/>
  <system-out><![CDATA[01:29:43.271 [Test worker] DEBUG org.springframework.test.context.junit4.SpringJUnit4ClassRunner - SpringJUnit4ClassRunner constructor called with [class com.myspring.book.springboot.web.HelloControllerTest]
01:29:43.279 [Test worker] DEBUG org.springframework.test.context.BootstrapUtils - Instantiating CacheAwareContextLoaderDelegate from class [org.springframework.test.context.cache.DefaultCacheAwareContextLoaderDelegate]
01:29:43.289 [Test worker] DEBUG org.springframework.test.context.BootstrapUtils - Instantiating BootstrapContext using constructor [public org.springframework.test.context.support.DefaultBootstrapContext(java.lang.Class,org.springframework.test.context.CacheAwareContextLoaderDelegate)]
01:29:43.309 [Test worker] DEBUG org.springframework.test.context.BootstrapUtils - Instantiating TestContextBootstrapper for test class [com.myspring.book.springboot.web.HelloControllerTest] from class [org.springframework.boot.test.autoconfigure.web.servlet.WebMvcTestContextBootstrapper]
01:29:43.328 [Test worker] INFO org.springframework.boot.test.autoconfigure.web.servlet.WebMvcTestContextBootstrapper - Neither @ContextConfiguration nor @ContextHierarchy found for test class [com.myspring.book.springboot.web.HelloControllerTest], using SpringBootContextLoader
01:29:43.332 [Test worker] DEBUG org.springframework.test.context.support.AbstractContextLoader - Did not detect default resource location for test class [com.myspring.book.springboot.web.HelloControllerTest]: class path resource [com/myspring/book/springboot/web/HelloControllerTest-context.xml] does not exist
01:29:43.332 [Test worker] DEBUG org.springframework.test.context.support.AbstractContextLoader - Did not detect default resource location for test class [com.myspring.book.springboot.web.HelloControllerTest]: class path resource [com/myspring/book/springboot/web/HelloControllerTestContext.groovy] does not exist
01:29:43.332 [Test worker] INFO org.springframework.test.context.support.AbstractContextLoader - Could not detect default resource locations for test class [com.myspring.book.springboot.web.HelloControllerTest]: no resource found for suffixes {-context.xml, Context.groovy}.
01:29:43.333 [Test worker] INFO org.springframework.test.context.support.AnnotationConfigContextLoaderUtils - Could not detect default configuration classes for test class [com.myspring.book.springboot.web.HelloControllerTest]: HelloControllerTest does not declare any static, non-private, non-final, nested classes annotated with @Configuration.
01:29:43.395 [Test worker] DEBUG org.springframework.test.context.support.ActiveProfilesUtils - Could not find an 'annotation declaring class' for annotation type [org.springframework.test.context.ActiveProfiles] and class [com.myspring.book.springboot.web.HelloControllerTest]
01:29:43.471 [Test worker] DEBUG org.springframework.context.annotation.ClassPathScanningCandidateComponentProvider - Identified candidate component class: file [C:\Users\Udon\IdeaProjects\springboot-webservice\build\classes\java\main\com\myspring\book\springboot\Application.class]
01:29:43.472 [Test worker] INFO org.springframework.boot.test.context.SpringBootTestContextBootstrapper - Found @SpringBootConfiguration com.myspring.book.springboot.Application for test class com.myspring.book.springboot.web.HelloControllerTest
01:29:43.474 [Test worker] DEBUG org.springframework.boot.test.autoconfigure.web.servlet.WebMvcTestContextBootstrapper - @TestExecutionListeners is not present for class [com.myspring.book.springboot.web.HelloControllerTest]: using defaults.
01:29:43.475 [Test worker] INFO org.springframework.boot.test.autoconfigure.web.servlet.WebMvcTestContextBootstrapper - Loaded default TestExecutionListener class names from location [META-INF/spring.factories]: [org.springframework.security.test.context.support.WithSecurityContextTestExecutionListener, org.springframework.security.test.context.support.ReactorContextTestExecutionListener, org.springframework.boot.test.autoconfigure.restdocs.RestDocsTestExecutionListener, org.springframework.boot.test.autoconfigure.web.client.MockRestServiceServerResetTestExecutionListener, org.springframework.boot.test.autoconfigure.web.servlet.MockMvcPrintOnlyOnFailureTestExecutionListener, org.springframework.boot.test.autoconfigure.web.servlet.WebDriverTestExecutionListener, org.springframework.boot.test.mock.mockito.MockitoTestExecutionListener, org.springframework.boot.test.mock.mockito.ResetMocksTestExecutionListener, org.springframework.test.context.web.ServletTestExecutionListener, org.springframework.test.context.support.DirtiesContextBeforeModesTestExecutionListener, org.springframework.test.context.support.DependencyInjectionTestExecutionListener, org.springframework.test.context.support.DirtiesContextTestExecutionListener, org.springframework.test.context.transaction.TransactionalTestExecutionListener, org.springframework.test.context.jdbc.SqlScriptsTestExecutionListener]
01:29:43.496 [Test worker] INFO org.springframework.boot.test.autoconfigure.web.servlet.WebMvcTestContextBootstrapper - Using TestExecutionListeners: [org.springframework.test.context.web.ServletTestExecutionListener@238ab4f7, org.springframework.test.context.support.DirtiesContextBeforeModesTestExecutionListener@2ec04031, org.springframework.boot.test.mock.mockito.MockitoTestExecutionListener@7840af85, org.springframework.boot.test.autoconfigure.SpringBootDependencyInjectionTestExecutionListener@3df406f3, org.springframework.test.context.support.DirtiesContextTestExecutionListener@4baf30b6, org.springframework.test.context.transaction.TransactionalTestExecutionListener@6742203a, org.springframework.test.context.jdbc.SqlScriptsTestExecutionListener@1a0387d0, org.springframework.security.test.context.support.WithSecurityContextTestExecutionListener@7ddc9fd, org.springframework.security.test.context.support.ReactorContextTestExecutionListener@35457330, org.springframework.boot.test.autoconfigure.restdocs.RestDocsTestExecutionListener@43f0c652, org.springframework.boot.test.autoconfigure.web.client.MockRestServiceServerResetTestExecutionListener@454be4fb, org.springframework.boot.test.autoconfigure.web.servlet.MockMvcPrintOnlyOnFailureTestExecutionListener@2cb05f8e, org.springframework.boot.test.autoconfigure.web.servlet.WebDriverTestExecutionListener@327275db, org.springframework.boot.test.mock.mockito.ResetMocksTestExecutionListener@77f5e791]
01:29:43.498 [Test worker] DEBUG org.springframework.test.annotation.ProfileValueUtils - Retrieved @ProfileValueSourceConfiguration [null] for test class [com.myspring.book.springboot.web.HelloControllerTest]
01:29:43.499 [Test worker] DEBUG org.springframework.test.annotation.ProfileValueUtils - Retrieved ProfileValueSource type [class org.springframework.test.annotation.SystemProfileValueSource] for class [com.myspring.book.springboot.web.HelloControllerTest]
01:29:43.500 [Test worker] DEBUG org.springframework.test.annotation.ProfileValueUtils - Retrieved @ProfileValueSourceConfiguration [null] for test class [com.myspring.book.springboot.web.HelloControllerTest]
01:29:43.500 [Test worker] DEBUG org.springframework.test.annotation.ProfileValueUtils - Retrieved ProfileValueSource type [class org.springframework.test.annotation.SystemProfileValueSource] for class [com.myspring.book.springboot.web.HelloControllerTest]
01:29:43.504 [Test worker] DEBUG org.springframework.test.context.support.AbstractDirtiesContextTestExecutionListener - Before test class: context [DefaultTestContext@32efd62 testClass = HelloControllerTest, testInstance = [null], testMethod = [null], testException = [null], mergedContextConfiguration = [WebMergedContextConfiguration@6ceb7ac testClass = HelloControllerTest, locations = '{}', classes = '{class com.myspring.book.springboot.Application}', contextInitializerClasses = '[]', activeProfiles = '{}', propertySourceLocations = '{}', propertySourceProperties = '{org.springframework.boot.test.autoconfigure.web.servlet.WebMvcTestContextBootstrapper=true}', contextCustomizers = set[org.springframework.boot.test.autoconfigure.OverrideAutoConfigurationContextCustomizerFactory$DisableAutoConfigurationContextCustomizer@570185e1, org.springframework.boot.test.autoconfigure.filter.TypeExcludeFiltersContextCustomizer@5aed80f8, org.springframework.boot.test.autoconfigure.properties.PropertyMappingContextCustomizer@33d6845, org.springframework.boot.test.autoconfigure.web.servlet.WebDriverContextCustomizerFactory$Customizer@a806a70, [ImportsContextCustomizer@66ccfaa1 key = [org.springframework.boot.autoconfigure.cache.CacheAutoConfiguration, org.springframework.boot.autoconfigure.context.MessageSourceAutoConfiguration, org.springframework.boot.autoconfigure.data.web.SpringDataWebAutoConfiguration, org.springframework.boot.autoconfigure.freemarker.FreeMarkerAutoConfiguration, org.springframework.boot.autoconfigure.groovy.template.GroovyTemplateAutoConfiguration, org.springframework.boot.autoconfigure.gson.GsonAutoConfiguration, org.springframework.boot.autoconfigure.hateoas.HypermediaAutoConfiguration, org.springframework.boot.autoconfigure.http.HttpMessageConvertersAutoConfiguration, org.springframework.boot.autoconfigure.jackson.JacksonAutoConfiguration, org.springframework.boot.autoconfigure.jsonb.JsonbAutoConfiguration, org.springframework.boot.autoconfigure.mustache.MustacheAutoConfiguration, org.springframework.boot.autoconfigure.task.TaskExecutionAutoConfiguration, org.springframework.boot.autoconfigure.thymeleaf.ThymeleafAutoConfiguration, org.springframework.boot.autoconfigure.validation.ValidationAutoConfiguration, org.springframework.boot.autoconfigure.web.servlet.error.ErrorMvcAutoConfiguration, org.springframework.boot.autoconfigure.web.servlet.WebMvcAutoConfiguration, org.springframework.boot.test.autoconfigure.web.servlet.MockMvcAutoConfiguration, org.springframework.boot.test.autoconfigure.web.servlet.MockMvcSecurityAutoConfiguration, org.springframework.boot.test.autoconfigure.web.servlet.MockMvcWebClientAutoConfiguration, org.springframework.boot.test.autoconfigure.web.servlet.MockMvcWebDriverAutoConfiguration]], org.springframework.boot.test.context.filter.ExcludeFilterContextCustomizer@20ef8ecb, org.springframework.boot.test.json.DuplicateJsonObjectContextCustomizerFactory$DuplicateJsonObjectContextCustomizer@3edcf030, org.springframework.boot.test.mock.mockito.MockitoContextCustomizer@0], resourceBasePath = 'src/main/webapp', contextLoader = 'org.springframework.boot.test.context.SpringBootContextLoader', parent = [null]], attributes = map[[empty]]], class annotated with @DirtiesContext [false] with mode [null].
01:29:43.505 [Test worker] DEBUG org.springframework.test.annotation.ProfileValueUtils - Retrieved @ProfileValueSourceConfiguration [null] for test class [com.myspring.book.springboot.web.HelloControllerTest]
01:29:43.505 [Test worker] DEBUG org.springframework.test.annotation.ProfileValueUtils - Retrieved ProfileValueSource type [class org.springframework.test.annotation.SystemProfileValueSource] for class [com.myspring.book.springboot.web.HelloControllerTest]
01:29:43.509 [Test worker] DEBUG org.springframework.test.context.support.DependencyInjectionTestExecutionListener - Performing dependency injection for test context [[DefaultTestContext@32efd62 testClass = HelloControllerTest, testInstance = com.myspring.book.springboot.web.HelloControllerTest@25d529ff, testMethod = [null], testException = [null], mergedContextConfiguration = [WebMergedContextConfiguration@6ceb7ac testClass = HelloControllerTest, locations = '{}', classes = '{class com.myspring.book.springboot.Application}', contextInitializerClasses = '[]', activeProfiles = '{}', propertySourceLocations = '{}', propertySourceProperties = '{org.springframework.boot.test.autoconfigure.web.servlet.WebMvcTestContextBootstrapper=true}', contextCustomizers = set[org.springframework.boot.test.autoconfigure.OverrideAutoConfigurationContextCustomizerFactory$DisableAutoConfigurationContextCustomizer@570185e1, org.springframework.boot.test.autoconfigure.filter.TypeExcludeFiltersContextCustomizer@5aed80f8, org.springframework.boot.test.autoconfigure.properties.PropertyMappingContextCustomizer@33d6845, org.springframework.boot.test.autoconfigure.web.servlet.WebDriverContextCustomizerFactory$Customizer@a806a70, [ImportsContextCustomizer@66ccfaa1 key = [org.springframework.boot.autoconfigure.cache.CacheAutoConfiguration, org.springframework.boot.autoconfigure.context.MessageSourceAutoConfiguration, org.springframework.boot.autoconfigure.data.web.SpringDataWebAutoConfiguration, org.springframework.boot.autoconfigure.freemarker.FreeMarkerAutoConfiguration, org.springframework.boot.autoconfigure.groovy.template.GroovyTemplateAutoConfiguration, org.springframework.boot.autoconfigure.gson.GsonAutoConfiguration, org.springframework.boot.autoconfigure.hateoas.HypermediaAutoConfiguration, org.springframework.boot.autoconfigure.http.HttpMessageConvertersAutoConfiguration, org.springframework.boot.autoconfigure.jackson.JacksonAutoConfiguration, org.springframework.boot.autoconfigure.jsonb.JsonbAutoConfiguration, org.springframework.boot.autoconfigure.mustache.MustacheAutoConfiguration, org.springframework.boot.autoconfigure.task.TaskExecutionAutoConfiguration, org.springframework.boot.autoconfigure.thymeleaf.ThymeleafAutoConfiguration, org.springframework.boot.autoconfigure.validation.ValidationAutoConfiguration, org.springframework.boot.autoconfigure.web.servlet.error.ErrorMvcAutoConfiguration, org.springframework.boot.autoconfigure.web.servlet.WebMvcAutoConfiguration, org.springframework.boot.test.autoconfigure.web.servlet.MockMvcAutoConfiguration, org.springframework.boot.test.autoconfigure.web.servlet.MockMvcSecurityAutoConfiguration, org.springframework.boot.test.autoconfigure.web.servlet.MockMvcWebClientAutoConfiguration, org.springframework.boot.test.autoconfigure.web.servlet.MockMvcWebDriverAutoConfiguration]], org.springframework.boot.test.context.filter.ExcludeFilterContextCustomizer@20ef8ecb, org.springframework.boot.test.json.DuplicateJsonObjectContextCustomizerFactory$DuplicateJsonObjectContextCustomizer@3edcf030, org.springframework.boot.test.mock.mockito.MockitoContextCustomizer@0], resourceBasePath = 'src/main/webapp', contextLoader = 'org.springframework.boot.test.context.SpringBootContextLoader', parent = [null]], attributes = map[[empty]]]].
01:29:43.623 [Test worker] DEBUG org.springframework.test.context.support.TestPropertySourceUtils - Adding inlined properties to environment: {spring.jmx.enabled=false, org.springframework.boot.test.autoconfigure.web.servlet.WebMvcTestContextBootstrapper=true, server.port=-1}

  .   ____          _            __ _ _
 /\\ / ___'_ __ _ _(_)_ __  __ _ \ \ \ \
( ( )\___ | '_ | '_| | '_ \/ _` | \ \ \ \
 \\/  ___)| |_)| | | | | || (_| |  ) ) ) )
  '  |____| .__|_| |_|_| |_\__, | / / / /
 =========|_|==============|___/=/_/_/_/
 :: Spring Boot ::        (v2.1.7.RELEASE)

2020-04-04 01:29:43.865  INFO 6924 --- [    Test worker] c.m.b.s.web.HelloControllerTest          : Starting HelloControllerTest on Udon-PC with PID 6924 (started by Udon in C:\Users\Udon\IdeaProjects\springboot-webservice)
2020-04-04 01:29:43.876  INFO 6924 --- [    Test worker] c.m.b.s.web.HelloControllerTest          : No active profile set, falling back to default profiles: default
2020-04-04 01:29:45.303  INFO 6924 --- [    Test worker] o.s.s.concurrent.ThreadPoolTaskExecutor  : Initializing ExecutorService 'applicationTaskExecutor'
2020-04-04 01:29:45.393  INFO 6924 --- [    Test worker] o.s.b.a.w.s.WelcomePageHandlerMapping    : Adding welcome page template: index
2020-04-04 01:29:45.716  INFO 6924 --- [    Test worker] .s.s.UserDetailsServiceAutoConfiguration : 

Using generated security password: 3f4095f7-408f-4324-99dc-15c370eaece8

2020-04-04 01:29:45.968  INFO 6924 --- [    Test worker] o.s.s.web.DefaultSecurityFilterChain     : Creating filter chain: any request, [org.springframework.security.web.context.request.async.WebAsyncManagerIntegrationFilter@3975d06f, org.springframework.security.web.context.SecurityContextPersistenceFilter@1886c156, org.springframework.security.web.header.HeaderWriterFilter@6a2dc1fb, org.springframework.security.web.csrf.CsrfFilter@2a5b0b0d, org.springframework.security.web.authentication.logout.LogoutFilter@e017f57, org.springframework.security.web.authentication.UsernamePasswordAuthenticationFilter@2b1b0aab, org.springframework.security.web.authentication.ui.DefaultLoginPageGeneratingFilter@155f7186, org.springframework.security.web.authentication.ui.DefaultLogoutPageGeneratingFilter@6ab47756, org.springframework.security.web.authentication.www.BasicAuthenticationFilter@4bdc7525, org.springframework.security.web.savedrequest.RequestCacheAwareFilter@1210613b, org.springframework.security.web.servletapi.SecurityContextHolderAwareRequestFilter@cdfa479, org.springframework.security.web.authentication.AnonymousAuthenticationFilter@414db024, org.springframework.security.web.session.SessionManagementFilter@3ddc728c, org.springframework.security.web.access.ExceptionTranslationFilter@13d377e2, org.springframework.security.web.access.intercept.FilterSecurityInterceptor@41a8676e]
2020-04-04 01:29:46.011  INFO 6924 --- [    Test worker] o.s.b.t.m.w.SpringBootMockServletContext : Initializing Spring TestDispatcherServlet ''
2020-04-04 01:29:46.011  INFO 6924 --- [    Test worker] o.s.t.web.servlet.TestDispatcherServlet  : Initializing Servlet ''
2020-04-04 01:29:46.025  INFO 6924 --- [    Test worker] o.s.t.web.servlet.TestDispatcherServlet  : Completed initialization in 14 ms
2020-04-04 01:29:46.079  INFO 6924 --- [    Test worker] c.m.b.s.web.HelloControllerTest          : Started HelloControllerTest in 2.448 seconds (JVM running for 3.513)
]]></system-out>
  <system-err><![CDATA[]]></system-err>
</testsuite>
