<?xml version="1.0" encoding="UTF-8"?>
<testsuite name="com.myspring.book.springboot.domain.posts.PostsRepositoryTest" tests="2" skipped="0" failures="0" errors="0" timestamp="2020-04-03T16:29:50" hostname="Udon-PC" time="0.203">
  <properties/>
  <testcase name="게시글저장_불러오기" classname="com.myspring.book.springboot.domain.posts.PostsRepositoryTest" time="0.192"/>
  <testcase name="BaseTimeEntity_등록" classname="com.myspring.book.springboot.domain.posts.PostsRepositoryTest" time="0.01"/>
  <system-out><![CDATA[2020-04-04 01:29:46.407  INFO 6924 --- [    Test worker] .b.t.c.SpringBootTestContextBootstrapper : Neither @ContextConfiguration nor @ContextHierarchy found for test class [com.myspring.book.springboot.domain.posts.PostsRepositoryTest], using SpringBootContextLoader
2020-04-04 01:29:46.408  INFO 6924 --- [    Test worker] o.s.t.c.support.AbstractContextLoader    : Could not detect default resource locations for test class [com.myspring.book.springboot.domain.posts.PostsRepositoryTest]: no resource found for suffixes {-context.xml, Context.groovy}.
2020-04-04 01:29:46.408  INFO 6924 --- [    Test worker] t.c.s.AnnotationConfigContextLoaderUtils : Could not detect default configuration classes for test class [com.myspring.book.springboot.domain.posts.PostsRepositoryTest]: PostsRepositoryTest does not declare any static, non-private, non-final, nested classes annotated with @Configuration.
2020-04-04 01:29:46.418  INFO 6924 --- [    Test worker] .b.t.c.SpringBootTestContextBootstrapper : Found @SpringBootConfiguration com.myspring.book.springboot.Application for test class com.myspring.book.springboot.domain.posts.PostsRepositoryTest
2020-04-04 01:29:46.420  INFO 6924 --- [    Test worker] .b.t.c.SpringBootTestContextBootstrapper : Loaded default TestExecutionListener class names from location [META-INF/spring.factories]: [org.springframework.security.test.context.support.WithSecurityContextTestExecutionListener, org.springframework.security.test.context.support.ReactorContextTestExecutionListener, org.springframework.boot.test.autoconfigure.restdocs.RestDocsTestExecutionListener, org.springframework.boot.test.autoconfigure.web.client.MockRestServiceServerResetTestExecutionListener, org.springframework.boot.test.autoconfigure.web.servlet.MockMvcPrintOnlyOnFailureTestExecutionListener, org.springframework.boot.test.autoconfigure.web.servlet.WebDriverTestExecutionListener, org.springframework.boot.test.mock.mockito.MockitoTestExecutionListener, org.springframework.boot.test.mock.mockito.ResetMocksTestExecutionListener, org.springframework.test.context.web.ServletTestExecutionListener, org.springframework.test.context.support.DirtiesContextBeforeModesTestExecutionListener, org.springframework.test.context.support.DependencyInjectionTestExecutionListener, org.springframework.test.context.support.DirtiesContextTestExecutionListener, org.springframework.test.context.transaction.TransactionalTestExecutionListener, org.springframework.test.context.jdbc.SqlScriptsTestExecutionListener]
2020-04-04 01:29:46.421  INFO 6924 --- [    Test worker] .b.t.c.SpringBootTestContextBootstrapper : Using TestExecutionListeners: [org.springframework.test.context.web.ServletTestExecutionListener@5a06d2ce, org.springframework.test.context.support.DirtiesContextBeforeModesTestExecutionListener@c78e7ce, org.springframework.boot.test.mock.mockito.MockitoTestExecutionListener@7a2b6d9d, org.springframework.boot.test.autoconfigure.SpringBootDependencyInjectionTestExecutionListener@7d9bc41e, org.springframework.test.context.support.DirtiesContextTestExecutionListener@11e7e9c1, org.springframework.test.context.transaction.TransactionalTestExecutionListener@5a6a3aa4, org.springframework.test.context.jdbc.SqlScriptsTestExecutionListener@7b8ce3f1, org.springframework.security.test.context.support.WithSecurityContextTestExecutionListener@581463aa, org.springframework.security.test.context.support.ReactorContextTestExecutionListener@76932088, org.springframework.boot.test.autoconfigure.restdocs.RestDocsTestExecutionListener@7da78be4, org.springframework.boot.test.autoconfigure.web.client.MockRestServiceServerResetTestExecutionListener@61286cca, org.springframework.boot.test.autoconfigure.web.servlet.MockMvcPrintOnlyOnFailureTestExecutionListener@1ada4a76, org.springframework.boot.test.autoconfigure.web.servlet.WebDriverTestExecutionListener@75a2bec5, org.springframework.boot.test.mock.mockito.ResetMocksTestExecutionListener@349bf33e]

  .   ____          _            __ _ _
 /\\ / ___'_ __ _ _(_)_ __  __ _ \ \ \ \
( ( )\___ | '_ | '_| | '_ \/ _` | \ \ \ \
 \\/  ___)| |_)| | | | | || (_| |  ) ) ) )
  '  |____| .__|_| |_|_| |_\__, | / / / /
 =========|_|==============|___/=/_/_/_/
 :: Spring Boot ::        (v2.1.7.RELEASE)

2020-04-04 01:29:46.443  INFO 6924 --- [    Test worker] c.m.b.s.d.posts.PostsRepositoryTest      : Starting PostsRepositoryTest on Udon-PC with PID 6924 (started by Udon in C:\Users\Udon\IdeaProjects\springboot-webservice)
2020-04-04 01:29:46.443  INFO 6924 --- [    Test worker] c.m.b.s.d.posts.PostsRepositoryTest      : No active profile set, falling back to default profiles: default
2020-04-04 01:29:46.892  INFO 6924 --- [    Test worker] .s.d.r.c.RepositoryConfigurationDelegate : Bootstrapping Spring Data repositories in DEFAULT mode.
2020-04-04 01:29:46.995  INFO 6924 --- [    Test worker] .s.d.r.c.RepositoryConfigurationDelegate : Finished Spring Data repository scanning in 95ms. Found 2 repository interfaces.
2020-04-04 01:29:47.257  INFO 6924 --- [    Test worker] trationDelegate$BeanPostProcessorChecker : Bean 'org.springframework.transaction.annotation.ProxyTransactionManagementConfiguration' of type [org.springframework.transaction.annotation.ProxyTransactionManagementConfiguration$$EnhancerBySpringCGLIB$$2210c3f4] is not eligible for getting processed by all BeanPostProcessors (for example: not eligible for auto-proxying)
2020-04-04 01:29:47.421  INFO 6924 --- [    Test worker] com.zaxxer.hikari.HikariDataSource       : HikariPool-1 - Starting...
2020-04-04 01:29:47.590  INFO 6924 --- [    Test worker] com.zaxxer.hikari.HikariDataSource       : HikariPool-1 - Start completed.
2020-04-04 01:29:47.680  INFO 6924 --- [    Test worker] o.hibernate.jpa.internal.util.LogHelper  : HHH000204: Processing PersistenceUnitInfo [
	name: default
	...]
2020-04-04 01:29:47.758  INFO 6924 --- [    Test worker] org.hibernate.Version                    : HHH000412: Hibernate Core {5.3.10.Final}
2020-04-04 01:29:47.760  INFO 6924 --- [    Test worker] org.hibernate.cfg.Environment            : HHH000206: hibernate.properties not found
2020-04-04 01:29:47.832  INFO 6924 --- [    Test worker] o.hibernate.annotations.common.Version   : HCANN000001: Hibernate Commons Annotations {5.0.4.Final}
2020-04-04 01:29:48.003  INFO 6924 --- [    Test worker] org.hibernate.dialect.Dialect            : HHH000400: Using dialect: org.hibernate.dialect.MySQL5InnoDBDialect
Hibernate: drop table if exists posts
Hibernate: drop table if exists user
Hibernate: create table posts (id bigint not null auto_increment, created_date datetime, modified_date datetime, author varchar(255), content TEXT not null, title varchar(500) not null, primary key (id)) engine=InnoDB
Hibernate: create table user (id bigint not null auto_increment, created_date datetime, modified_date datetime, email varchar(255) not null, name varchar(255) not null, picture varchar(255), role varchar(255) not null, primary key (id)) engine=InnoDB
2020-04-04 01:29:48.834  INFO 6924 --- [    Test worker] o.h.t.schema.internal.SchemaCreatorImpl  : HHH000476: Executing import script 'org.hibernate.tool.schema.internal.exec.ScriptSourceInputNonExistentImpl@d4a0d67'
2020-04-04 01:29:48.838  INFO 6924 --- [    Test worker] j.LocalContainerEntityManagerFactoryBean : Initialized JPA EntityManagerFactory for persistence unit 'default'
2020-04-04 01:29:49.359  INFO 6924 --- [    Test worker] o.h.h.i.QueryTranslatorFactoryInitiator  : HHH000397: Using ASTQueryTranslatorFactory
2020-04-04 01:29:49.692  INFO 6924 --- [    Test worker] o.s.s.web.DefaultSecurityFilterChain     : Creating filter chain: any request, [org.springframework.security.web.context.request.async.WebAsyncManagerIntegrationFilter@30fbfad8, org.springframework.security.web.context.SecurityContextPersistenceFilter@4166a0e6, org.springframework.security.web.header.HeaderWriterFilter@755548ba, org.springframework.security.web.authentication.logout.LogoutFilter@521d0b63, org.springframework.security.oauth2.client.web.OAuth2AuthorizationRequestRedirectFilter@53a68bc7, org.springframework.security.oauth2.client.web.OAuth2LoginAuthenticationFilter@2d6050d9, org.springframework.security.web.authentication.ui.DefaultLoginPageGeneratingFilter@2608fed4, org.springframework.security.web.authentication.ui.DefaultLogoutPageGeneratingFilter@17888e4a, org.springframework.security.web.savedrequest.RequestCacheAwareFilter@7506a45c, org.springframework.security.web.servletapi.SecurityContextHolderAwareRequestFilter@2a4932de, org.springframework.security.web.authentication.AnonymousAuthenticationFilter@3841f2fa, org.springframework.security.web.session.SessionManagementFilter@71afac57, org.springframework.security.web.access.ExceptionTranslationFilter@196a84e, org.springframework.security.web.access.intercept.FilterSecurityInterceptor@36aaefec]
2020-04-04 01:29:50.085  INFO 6924 --- [    Test worker] o.s.s.concurrent.ThreadPoolTaskExecutor  : Initializing ExecutorService 'applicationTaskExecutor'
2020-04-04 01:29:50.104  WARN 6924 --- [    Test worker] aWebConfiguration$JpaWebMvcConfiguration : spring.jpa.open-in-view is enabled by default. Therefore, database queries may be performed during view rendering. Explicitly configure spring.jpa.open-in-view to disable this warning
2020-04-04 01:29:50.143  INFO 6924 --- [    Test worker] o.s.b.a.w.s.WelcomePageHandlerMapping    : Adding welcome page template: index
2020-04-04 01:29:50.706  INFO 6924 --- [    Test worker] s.a.ScheduledAnnotationBeanPostProcessor : No TaskScheduler/ScheduledExecutorService bean found for scheduled processing
2020-04-04 01:29:50.713  INFO 6924 --- [    Test worker] c.m.b.s.d.posts.PostsRepositoryTest      : Started PostsRepositoryTest in 4.29 seconds (JVM running for 8.148)
Hibernate: insert into posts (created_date, modified_date, author, content, title) values (?, ?, ?, ?, ?)
Hibernate: select posts0_.id as id1_0_, posts0_.created_date as created_2_0_, posts0_.modified_date as modified3_0_, posts0_.author as author4_0_, posts0_.content as content5_0_, posts0_.title as title6_0_ from posts posts0_
Hibernate: select posts0_.id as id1_0_, posts0_.created_date as created_2_0_, posts0_.modified_date as modified3_0_, posts0_.author as author4_0_, posts0_.content as content5_0_, posts0_.title as title6_0_ from posts posts0_
Hibernate: delete from posts where id=?
Hibernate: insert into posts (created_date, modified_date, author, content, title) values (?, ?, ?, ?, ?)
Hibernate: select posts0_.id as id1_0_, posts0_.created_date as created_2_0_, posts0_.modified_date as modified3_0_, posts0_.author as author4_0_, posts0_.content as content5_0_, posts0_.title as title6_0_ from posts posts0_
>>>>>>>>>> createDate=2020-04-04T01:29:50.914, modifiedDate=2020-04-04T01:29:50.914
2==============title
Hibernate: select posts0_.id as id1_0_, posts0_.created_date as created_2_0_, posts0_.modified_date as modified3_0_, posts0_.author as author4_0_, posts0_.content as content5_0_, posts0_.title as title6_0_ from posts posts0_
Hibernate: delete from posts where id=?
]]></system-out>
  <system-err><![CDATA[]]></system-err>
</testsuite>
