<?xml version="1.0" encoding="UTF-8"?>
<testsuite name="com.myspring.book.springboot.web.IndexControllerTest" tests="1" skipped="0" failures="0" errors="0" timestamp="2020-04-03T16:29:52" hostname="Udon-PC" time="0.176">
  <properties/>
  <testcase name="메인페이지_로딩" classname="com.myspring.book.springboot.web.IndexControllerTest" time="0.176"/>
  <system-out><![CDATA[2020-04-04 01:29:50.934  INFO 6924 --- [    Test worker] .b.t.c.SpringBootTestContextBootstrapper : Neither @ContextConfiguration nor @ContextHierarchy found for test class [com.myspring.book.springboot.web.IndexControllerTest], using SpringBootContextLoader
2020-04-04 01:29:50.934  INFO 6924 --- [    Test worker] o.s.t.c.support.AbstractContextLoader    : Could not detect default resource locations for test class [com.myspring.book.springboot.web.IndexControllerTest]: no resource found for suffixes {-context.xml, Context.groovy}.
2020-04-04 01:29:50.935  INFO 6924 --- [    Test worker] t.c.s.AnnotationConfigContextLoaderUtils : Could not detect default configuration classes for test class [com.myspring.book.springboot.web.IndexControllerTest]: IndexControllerTest does not declare any static, non-private, non-final, nested classes annotated with @Configuration.
2020-04-04 01:29:50.936  INFO 6924 --- [    Test worker] .b.t.c.SpringBootTestContextBootstrapper : Found @SpringBootConfiguration com.myspring.book.springboot.Application for test class com.myspring.book.springboot.web.IndexControllerTest
2020-04-04 01:29:50.938  INFO 6924 --- [    Test worker] .b.t.c.SpringBootTestContextBootstrapper : Loaded default TestExecutionListener class names from location [META-INF/spring.factories]: [org.springframework.security.test.context.support.WithSecurityContextTestExecutionListener, org.springframework.security.test.context.support.ReactorContextTestExecutionListener, org.springframework.boot.test.autoconfigure.restdocs.RestDocsTestExecutionListener, org.springframework.boot.test.autoconfigure.web.client.MockRestServiceServerResetTestExecutionListener, org.springframework.boot.test.autoconfigure.web.servlet.MockMvcPrintOnlyOnFailureTestExecutionListener, org.springframework.boot.test.autoconfigure.web.servlet.WebDriverTestExecutionListener, org.springframework.boot.test.mock.mockito.MockitoTestExecutionListener, org.springframework.boot.test.mock.mockito.ResetMocksTestExecutionListener, org.springframework.test.context.web.ServletTestExecutionListener, org.springframework.test.context.support.DirtiesContextBeforeModesTestExecutionListener, org.springframework.test.context.support.DependencyInjectionTestExecutionListener, org.springframework.test.context.support.DirtiesContextTestExecutionListener, org.springframework.test.context.transaction.TransactionalTestExecutionListener, org.springframework.test.context.jdbc.SqlScriptsTestExecutionListener]
2020-04-04 01:29:50.939  INFO 6924 --- [    Test worker] .b.t.c.SpringBootTestContextBootstrapper : Using TestExecutionListeners: [org.springframework.test.context.web.ServletTestExecutionListener@57729712, org.springframework.test.context.support.DirtiesContextBeforeModesTestExecutionListener@6b209073, org.springframework.boot.test.mock.mockito.MockitoTestExecutionListener@206e5657, org.springframework.boot.test.autoconfigure.SpringBootDependencyInjectionTestExecutionListener@8c51431, org.springframework.test.context.support.DirtiesContextTestExecutionListener@4b4cd83c, org.springframework.test.context.transaction.TransactionalTestExecutionListener@24007a2e, org.springframework.test.context.jdbc.SqlScriptsTestExecutionListener@768e5c17, org.springframework.security.test.context.support.WithSecurityContextTestExecutionListener@56caba6b, org.springframework.security.test.context.support.ReactorContextTestExecutionListener@7b6a15b6, org.springframework.boot.test.autoconfigure.restdocs.RestDocsTestExecutionListener@5c1cd1ff, org.springframework.boot.test.autoconfigure.web.client.MockRestServiceServerResetTestExecutionListener@58f6508f, org.springframework.boot.test.autoconfigure.web.servlet.MockMvcPrintOnlyOnFailureTestExecutionListener@5b6cb018, org.springframework.boot.test.autoconfigure.web.servlet.WebDriverTestExecutionListener@7000d966, org.springframework.boot.test.mock.mockito.ResetMocksTestExecutionListener@4a297db0]

  .   ____          _            __ _ _
 /\\ / ___'_ __ _ _(_)_ __  __ _ \ \ \ \
( ( )\___ | '_ | '_| | '_ \/ _` | \ \ \ \
 \\/  ___)| |_)| | | | | || (_| |  ) ) ) )
  '  |____| .__|_| |_|_| |_\__, | / / / /
 =========|_|==============|___/=/_/_/_/
 :: Spring Boot ::        (v2.1.7.RELEASE)

2020-04-04 01:29:50.965  INFO 6924 --- [    Test worker] c.m.b.s.web.IndexControllerTest          : Starting IndexControllerTest on Udon-PC with PID 6924 (started by Udon in C:\Users\Udon\IdeaProjects\springboot-webservice)
2020-04-04 01:29:50.966  INFO 6924 --- [    Test worker] c.m.b.s.web.IndexControllerTest          : No active profile set, falling back to default profiles: default
2020-04-04 01:29:51.177  INFO 6924 --- [    Test worker] .s.d.r.c.RepositoryConfigurationDelegate : Bootstrapping Spring Data repositories in DEFAULT mode.
2020-04-04 01:29:51.195  INFO 6924 --- [    Test worker] .s.d.r.c.RepositoryConfigurationDelegate : Finished Spring Data repository scanning in 18ms. Found 2 repository interfaces.
2020-04-04 01:29:51.298  INFO 6924 --- [    Test worker] trationDelegate$BeanPostProcessorChecker : Bean 'org.springframework.transaction.annotation.ProxyTransactionManagementConfiguration' of type [org.springframework.transaction.annotation.ProxyTransactionManagementConfiguration$$EnhancerBySpringCGLIB$$2210c3f4] is not eligible for getting processed by all BeanPostProcessors (for example: not eligible for auto-proxying)
2020-04-04 01:29:51.530  INFO 6924 --- [    Test worker] o.s.b.w.embedded.tomcat.TomcatWebServer  : Tomcat initialized with port(s): 0 (http)
2020-04-04 01:29:51.562  INFO 6924 --- [    Test worker] o.apache.catalina.core.StandardService   : Starting service [Tomcat]
2020-04-04 01:29:51.562  INFO 6924 --- [    Test worker] org.apache.catalina.core.StandardEngine  : Starting Servlet engine: [Apache Tomcat/9.0.22]
2020-04-04 01:29:51.701  INFO 6924 --- [    Test worker] o.a.c.c.C.[Tomcat].[localhost].[/]       : Initializing Spring embedded WebApplicationContext
2020-04-04 01:29:51.701  INFO 6924 --- [    Test worker] o.s.web.context.ContextLoader            : Root WebApplicationContext: initialization completed in 733 ms
2020-04-04 01:29:51.854  INFO 6924 --- [    Test worker] com.zaxxer.hikari.HikariDataSource       : HikariPool-2 - Starting...
2020-04-04 01:29:51.855  INFO 6924 --- [    Test worker] com.zaxxer.hikari.HikariDataSource       : HikariPool-2 - Start completed.
2020-04-04 01:29:51.882  INFO 6924 --- [    Test worker] o.hibernate.jpa.internal.util.LogHelper  : HHH000204: Processing PersistenceUnitInfo [
	name: default
	...]
2020-04-04 01:29:51.890  INFO 6924 --- [    Test worker] org.hibernate.dialect.Dialect            : HHH000400: Using dialect: org.hibernate.dialect.MySQL5InnoDBDialect
Hibernate: drop table if exists posts
Hibernate: drop table if exists user
Hibernate: create table posts (id bigint not null auto_increment, created_date datetime, modified_date datetime, author varchar(255), content TEXT not null, title varchar(500) not null, primary key (id)) engine=InnoDB
Hibernate: create table user (id bigint not null auto_increment, created_date datetime, modified_date datetime, email varchar(255) not null, name varchar(255) not null, picture varchar(255), role varchar(255) not null, primary key (id)) engine=InnoDB
2020-04-04 01:29:51.937  INFO 6924 --- [    Test worker] o.h.t.schema.internal.SchemaCreatorImpl  : HHH000476: Executing import script 'org.hibernate.tool.schema.internal.exec.ScriptSourceInputNonExistentImpl@d4a0d67'
2020-04-04 01:29:51.938  INFO 6924 --- [    Test worker] j.LocalContainerEntityManagerFactoryBean : Initialized JPA EntityManagerFactory for persistence unit 'default'
2020-04-04 01:29:52.203  INFO 6924 --- [    Test worker] o.h.h.i.QueryTranslatorFactoryInitiator  : HHH000397: Using ASTQueryTranslatorFactory
2020-04-04 01:29:52.321  INFO 6924 --- [    Test worker] o.s.s.web.DefaultSecurityFilterChain     : Creating filter chain: any request, [org.springframework.security.web.context.request.async.WebAsyncManagerIntegrationFilter@39e48f7, org.springframework.security.web.context.SecurityContextPersistenceFilter@f2cfec8, org.springframework.security.web.header.HeaderWriterFilter@406771c4, org.springframework.security.web.authentication.logout.LogoutFilter@3b4bd14a, org.springframework.security.oauth2.client.web.OAuth2AuthorizationRequestRedirectFilter@3e915dc1, org.springframework.security.oauth2.client.web.OAuth2LoginAuthenticationFilter@5389413a, org.springframework.security.web.authentication.ui.DefaultLoginPageGeneratingFilter@53f9af43, org.springframework.security.web.authentication.ui.DefaultLogoutPageGeneratingFilter@151245aa, org.springframework.security.web.savedrequest.RequestCacheAwareFilter@4f801b75, org.springframework.security.web.servletapi.SecurityContextHolderAwareRequestFilter@3492ba10, org.springframework.security.web.authentication.AnonymousAuthenticationFilter@21596d9c, org.springframework.security.web.session.SessionManagementFilter@54f66f5e, org.springframework.security.web.access.ExceptionTranslationFilter@102a08d0, org.springframework.security.web.access.intercept.FilterSecurityInterceptor@2c675fb9]
2020-04-04 01:29:52.524  INFO 6924 --- [    Test worker] o.s.s.concurrent.ThreadPoolTaskExecutor  : Initializing ExecutorService 'applicationTaskExecutor'
2020-04-04 01:29:52.540  WARN 6924 --- [    Test worker] aWebConfiguration$JpaWebMvcConfiguration : spring.jpa.open-in-view is enabled by default. Therefore, database queries may be performed during view rendering. Explicitly configure spring.jpa.open-in-view to disable this warning
2020-04-04 01:29:52.571  INFO 6924 --- [    Test worker] o.s.b.a.w.s.WelcomePageHandlerMapping    : Adding welcome page template: index
2020-04-04 01:29:52.870  INFO 6924 --- [    Test worker] s.a.ScheduledAnnotationBeanPostProcessor : No TaskScheduler/ScheduledExecutorService bean found for scheduled processing
2020-04-04 01:29:52.886  INFO 6924 --- [    Test worker] o.s.b.w.embedded.tomcat.TomcatWebServer  : Tomcat started on port(s): 1787 (http) with context path ''
2020-04-04 01:29:52.886  INFO 6924 --- [    Test worker] c.m.b.s.web.IndexControllerTest          : Started IndexControllerTest in 1.946 seconds (JVM running for 10.325)
2020-04-04 01:29:52.979  INFO 6924 --- [o-auto-1-exec-1] o.a.c.c.C.[Tomcat].[localhost].[/]       : Initializing Spring DispatcherServlet 'dispatcherServlet'
2020-04-04 01:29:52.979  INFO 6924 --- [o-auto-1-exec-1] o.s.web.servlet.DispatcherServlet        : Initializing Servlet 'dispatcherServlet'
2020-04-04 01:29:52.995  INFO 6924 --- [o-auto-1-exec-1] o.s.web.servlet.DispatcherServlet        : Completed initialization in 16 ms
Hibernate: select posts0_.id as id1_0_, posts0_.created_date as created_2_0_, posts0_.modified_date as modified3_0_, posts0_.author as author4_0_, posts0_.content as content5_0_, posts0_.title as title6_0_ from posts posts0_ order by posts0_.id DESC
]]></system-out>
  <system-err><![CDATA[]]></system-err>
</testsuite>
