<?xml version="1.0" encoding="UTF-8"?>
<testsuite name="com.myspring.book.springboot.web.PostsApiControllerTest" tests="2" skipped="0" failures="0" errors="0" timestamp="2020-04-15T08:19:07" hostname="Udon-PC" time="0.128">
  <properties/>
  <testcase name="Posts_등록된다" classname="com.myspring.book.springboot.web.PostsApiControllerTest" time="0.083"/>
  <testcase name="Posts_수정된다" classname="com.myspring.book.springboot.web.PostsApiControllerTest" time="0.044"/>
  <system-out><![CDATA[2020-04-15 17:19:06.991  INFO 8772 --- [    Test worker] .b.t.c.SpringBootTestContextBootstrapper : Neither @ContextConfiguration nor @ContextHierarchy found for test class [com.myspring.book.springboot.web.PostsApiControllerTest], using SpringBootContextLoader
2020-04-15 17:19:06.992  INFO 8772 --- [    Test worker] o.s.t.c.support.AbstractContextLoader    : Could not detect default resource locations for test class [com.myspring.book.springboot.web.PostsApiControllerTest]: no resource found for suffixes {-context.xml, Context.groovy}.
2020-04-15 17:19:06.992  INFO 8772 --- [    Test worker] t.c.s.AnnotationConfigContextLoaderUtils : Could not detect default configuration classes for test class [com.myspring.book.springboot.web.PostsApiControllerTest]: PostsApiControllerTest does not declare any static, non-private, non-final, nested classes annotated with @Configuration.
2020-04-15 17:19:06.995  INFO 8772 --- [    Test worker] .b.t.c.SpringBootTestContextBootstrapper : Found @SpringBootConfiguration com.myspring.book.springboot.Application for test class com.myspring.book.springboot.web.PostsApiControllerTest
2020-04-15 17:19:06.997  INFO 8772 --- [    Test worker] .b.t.c.SpringBootTestContextBootstrapper : Loaded default TestExecutionListener class names from location [META-INF/spring.factories]: [org.springframework.security.test.context.support.WithSecurityContextTestExecutionListener, org.springframework.security.test.context.support.ReactorContextTestExecutionListener, org.springframework.boot.test.autoconfigure.restdocs.RestDocsTestExecutionListener, org.springframework.boot.test.autoconfigure.web.client.MockRestServiceServerResetTestExecutionListener, org.springframework.boot.test.autoconfigure.web.servlet.MockMvcPrintOnlyOnFailureTestExecutionListener, org.springframework.boot.test.autoconfigure.web.servlet.WebDriverTestExecutionListener, org.springframework.boot.test.mock.mockito.MockitoTestExecutionListener, org.springframework.boot.test.mock.mockito.ResetMocksTestExecutionListener, org.springframework.test.context.web.ServletTestExecutionListener, org.springframework.test.context.support.DirtiesContextBeforeModesTestExecutionListener, org.springframework.test.context.support.DependencyInjectionTestExecutionListener, org.springframework.test.context.support.DirtiesContextTestExecutionListener, org.springframework.test.context.transaction.TransactionalTestExecutionListener, org.springframework.test.context.jdbc.SqlScriptsTestExecutionListener]
2020-04-15 17:19:06.998  INFO 8772 --- [    Test worker] .b.t.c.SpringBootTestContextBootstrapper : Using TestExecutionListeners: [org.springframework.test.context.web.ServletTestExecutionListener@7114ceb2, org.springframework.test.context.support.DirtiesContextBeforeModesTestExecutionListener@2e6f17f2, org.springframework.boot.test.mock.mockito.MockitoTestExecutionListener@76c878cd, org.springframework.boot.test.autoconfigure.SpringBootDependencyInjectionTestExecutionListener@1225e2f, org.springframework.test.context.support.DirtiesContextTestExecutionListener@561461e7, org.springframework.test.context.transaction.TransactionalTestExecutionListener@923c50, org.springframework.test.context.jdbc.SqlScriptsTestExecutionListener@3529229f, org.springframework.security.test.context.support.WithSecurityContextTestExecutionListener@26e9c133, org.springframework.security.test.context.support.ReactorContextTestExecutionListener@53079750, org.springframework.boot.test.autoconfigure.restdocs.RestDocsTestExecutionListener@42e651dc, org.springframework.boot.test.autoconfigure.web.client.MockRestServiceServerResetTestExecutionListener@3e27aec5, org.springframework.boot.test.autoconfigure.web.servlet.MockMvcPrintOnlyOnFailureTestExecutionListener@562f106b, org.springframework.boot.test.autoconfigure.web.servlet.WebDriverTestExecutionListener@39fda0e9, org.springframework.boot.test.mock.mockito.ResetMocksTestExecutionListener@49656ebb]
2020-04-15 17:19:07.009  INFO 8772 --- [    Test worker] o.a.c.c.C.[Tomcat].[localhost].[/]       : Initializing Spring TestDispatcherServlet ''
2020-04-15 17:19:07.009  INFO 8772 --- [    Test worker] o.s.t.web.servlet.TestDispatcherServlet  : Initializing Servlet ''
2020-04-15 17:19:07.012  INFO 8772 --- [    Test worker] o.s.t.web.servlet.TestDispatcherServlet  : Completed initialization in 2 ms
Hibernate: insert into posts (created_date, modified_date, author, content, title) values (?, ?, ?, ?, ?)
Hibernate: select posts0_.id as id1_0_, posts0_.created_date as created_2_0_, posts0_.modified_date as modified3_0_, posts0_.author as author4_0_, posts0_.content as content5_0_, posts0_.title as title6_0_ from posts posts0_
Hibernate: select posts0_.id as id1_0_, posts0_.created_date as created_2_0_, posts0_.modified_date as modified3_0_, posts0_.author as author4_0_, posts0_.content as content5_0_, posts0_.title as title6_0_ from posts posts0_
Hibernate: delete from posts where id=?
2020-04-15 17:19:07.089  INFO 8772 --- [    Test worker] o.a.c.c.C.[Tomcat].[localhost].[/]       : Initializing Spring TestDispatcherServlet ''
2020-04-15 17:19:07.089  INFO 8772 --- [    Test worker] o.s.t.web.servlet.TestDispatcherServlet  : Initializing Servlet ''
2020-04-15 17:19:07.092  INFO 8772 --- [    Test worker] o.s.t.web.servlet.TestDispatcherServlet  : Completed initialization in 3 ms
Hibernate: insert into posts (created_date, modified_date, author, content, title) values (?, ?, ?, ?, ?)
Hibernate: select posts0_.id as id1_0_0_, posts0_.created_date as created_2_0_0_, posts0_.modified_date as modified3_0_0_, posts0_.author as author4_0_0_, posts0_.content as content5_0_0_, posts0_.title as title6_0_0_ from posts posts0_ where posts0_.id=?
Hibernate: update posts set created_date=?, modified_date=?, author=?, content=?, title=? where id=?
Hibernate: select posts0_.id as id1_0_, posts0_.created_date as created_2_0_, posts0_.modified_date as modified3_0_, posts0_.author as author4_0_, posts0_.content as content5_0_, posts0_.title as title6_0_ from posts posts0_
Hibernate: select posts0_.id as id1_0_, posts0_.created_date as created_2_0_, posts0_.modified_date as modified3_0_, posts0_.author as author4_0_, posts0_.content as content5_0_, posts0_.title as title6_0_ from posts posts0_
Hibernate: delete from posts where id=?
]]></system-out>
  <system-err><![CDATA[]]></system-err>
</testsuite>
